Determining if the pthread_create exist failed with the following output:
Change Dir: /home/gagliard/phamx494/pDMET/lib/build/CMakeFiles/CMakeTmp

Run Build Command:"/usr/bin/gmake" "cmTC_5b625/fast"
/usr/bin/gmake -f CMakeFiles/cmTC_5b625.dir/build.make CMakeFiles/cmTC_5b625.dir/build
gmake[1]: Entering directory `/panfs/roc/groups/6/gagliard/phamx494/pDMET/lib/build/CMakeFiles/CMakeTmp'
Building C object CMakeFiles/cmTC_5b625.dir/CheckSymbolExists.c.o
/home/gagliard/phamx494/anaconda/bin/cc    -o CMakeFiles/cmTC_5b625.dir/CheckSymbolExists.c.o   -c /home/gagliard/phamx494/pDMET/lib/build/CMakeFiles/CMakeTmp/CheckSymbolExists.c
Linking C executable cmTC_5b625
/home/gagliard/phamx494/anaconda/bin/cmake -E cmake_link_script CMakeFiles/cmTC_5b625.dir/link.txt --verbose=1
/home/gagliard/phamx494/anaconda/bin/cc      -rdynamic CMakeFiles/cmTC_5b625.dir/CheckSymbolExists.c.o  -o cmTC_5b625 
CMakeFiles/cmTC_5b625.dir/CheckSymbolExists.c.o: In function `main':
CheckSymbolExists.c:(.text+0x16): undefined reference to `pthread_create'
collect2: error: ld returned 1 exit status
gmake[1]: *** [cmTC_5b625] Error 1
gmake[1]: Leaving directory `/panfs/roc/groups/6/gagliard/phamx494/pDMET/lib/build/CMakeFiles/CMakeTmp'
gmake: *** [cmTC_5b625/fast] Error 2

File /home/gagliard/phamx494/pDMET/lib/build/CMakeFiles/CMakeTmp/CheckSymbolExists.c:
/* */
#include <pthread.h>

int main(int argc, char** argv)
{
  (void)argv;
#ifndef pthread_create
  return ((int*)(&pthread_create))[argc];
#else
  (void)argc;
  return 0;
#endif
}

Determining if the function pthread_create exists in the pthreads failed with the following output:
Change Dir: /home/gagliard/phamx494/pDMET/lib/build/CMakeFiles/CMakeTmp

Run Build Command:"/usr/bin/gmake" "cmTC_3e4f6/fast"
/usr/bin/gmake -f CMakeFiles/cmTC_3e4f6.dir/build.make CMakeFiles/cmTC_3e4f6.dir/build
gmake[1]: Entering directory `/panfs/roc/groups/6/gagliard/phamx494/pDMET/lib/build/CMakeFiles/CMakeTmp'
Building C object CMakeFiles/cmTC_3e4f6.dir/CheckFunctionExists.c.o
/home/gagliard/phamx494/anaconda/bin/cc   -DCHECK_FUNCTION_EXISTS=pthread_create   -o CMakeFiles/cmTC_3e4f6.dir/CheckFunctionExists.c.o   -c /home/gagliard/phamx494/anaconda/share/cmake-3.11/Modules/CheckFunctionExists.c
Linking C executable cmTC_3e4f6
/home/gagliard/phamx494/anaconda/bin/cmake -E cmake_link_script CMakeFiles/cmTC_3e4f6.dir/link.txt --verbose=1
/home/gagliard/phamx494/anaconda/bin/cc  -DCHECK_FUNCTION_EXISTS=pthread_create    -rdynamic CMakeFiles/cmTC_3e4f6.dir/CheckFunctionExists.c.o  -o cmTC_3e4f6 -lpthreads 
/usr/bin/ld: cannot find -lpthreads
collect2: error: ld returned 1 exit status
gmake[1]: *** [cmTC_3e4f6] Error 1
gmake[1]: Leaving directory `/panfs/roc/groups/6/gagliard/phamx494/pDMET/lib/build/CMakeFiles/CMakeTmp'
gmake: *** [cmTC_3e4f6/fast] Error 2


Performing C++ SOURCE FILE Test HAS_FLTO failed with the following output:
Change Dir: /home/gagliard/phamx494/pDMET/lib/build/CMakeFiles/CMakeTmp

Run Build Command:"/usr/bin/gmake" "cmTC_94014/fast"
/usr/bin/gmake -f CMakeFiles/cmTC_94014.dir/build.make CMakeFiles/cmTC_94014.dir/build
gmake[1]: Entering directory `/panfs/roc/groups/6/gagliard/phamx494/pDMET/lib/build/CMakeFiles/CMakeTmp'
Building CXX object CMakeFiles/cmTC_94014.dir/src.cxx.o
/home/gagliard/phamx494/anaconda/bin/c++    -DHAS_FLTO   -flto -fno-fat-lto-objects -o CMakeFiles/cmTC_94014.dir/src.cxx.o -c /home/gagliard/phamx494/pDMET/lib/build/CMakeFiles/CMakeTmp/src.cxx
cc1plus: error: -fno-fat-lto-objects are supported only with linker plugin
gmake[1]: *** [CMakeFiles/cmTC_94014.dir/src.cxx.o] Error 1
gmake[1]: Leaving directory `/panfs/roc/groups/6/gagliard/phamx494/pDMET/lib/build/CMakeFiles/CMakeTmp'
gmake: *** [cmTC_94014/fast] Error 2

Source file was:
int main() { return 0; }
