The system is: Linux - 2.6.32-754.3.5.el6.x86_64 - x86_64
Compiling the C compiler identification source file "CMakeCCompilerId.c" succeeded.
Compiler: /home/gagliard/phamx494/anaconda/bin/cc 
Build flags: 
Id flags:  

The output was:
0


Compilation of the C compiler identification source "CMakeCCompilerId.c" produced "a.out"

The C compiler identification is GNU, found in "/home/gagliard/phamx494/pDMET/lib/build/CMakeFiles/3.11.4/CompilerIdC/a.out"

Compiling the CXX compiler identification source file "CMakeCXXCompilerId.cpp" succeeded.
Compiler: /home/gagliard/phamx494/anaconda/bin/c++ 
Build flags: 
Id flags:  

The output was:
0


Compilation of the CXX compiler identification source "CMakeCXXCompilerId.cpp" produced "a.out"

The CXX compiler identification is GNU, found in "/home/gagliard/phamx494/pDMET/lib/build/CMakeFiles/3.11.4/CompilerIdCXX/a.out"

Determining if the C compiler works passed with the following output:
Change Dir: /home/gagliard/phamx494/pDMET/lib/build/CMakeFiles/CMakeTmp

Run Build Command:"/usr/bin/gmake" "cmTC_a3a70/fast"
/usr/bin/gmake -f CMakeFiles/cmTC_a3a70.dir/build.make CMakeFiles/cmTC_a3a70.dir/build
gmake[1]: Entering directory `/panfs/roc/groups/6/gagliard/phamx494/pDMET/lib/build/CMakeFiles/CMakeTmp'
Building C object CMakeFiles/cmTC_a3a70.dir/testCCompiler.c.o
/home/gagliard/phamx494/anaconda/bin/cc    -o CMakeFiles/cmTC_a3a70.dir/testCCompiler.c.o   -c /home/gagliard/phamx494/pDMET/lib/build/CMakeFiles/CMakeTmp/testCCompiler.c
Linking C executable cmTC_a3a70
/home/gagliard/phamx494/anaconda/bin/cmake -E cmake_link_script CMakeFiles/cmTC_a3a70.dir/link.txt --verbose=1
/home/gagliard/phamx494/anaconda/bin/cc      -rdynamic CMakeFiles/cmTC_a3a70.dir/testCCompiler.c.o  -o cmTC_a3a70 
gmake[1]: Leaving directory `/panfs/roc/groups/6/gagliard/phamx494/pDMET/lib/build/CMakeFiles/CMakeTmp'


Detecting C compiler ABI info compiled with the following output:
Change Dir: /home/gagliard/phamx494/pDMET/lib/build/CMakeFiles/CMakeTmp

Run Build Command:"/usr/bin/gmake" "cmTC_cfd3a/fast"
/usr/bin/gmake -f CMakeFiles/cmTC_cfd3a.dir/build.make CMakeFiles/cmTC_cfd3a.dir/build
gmake[1]: Entering directory `/panfs/roc/groups/6/gagliard/phamx494/pDMET/lib/build/CMakeFiles/CMakeTmp'
Building C object CMakeFiles/cmTC_cfd3a.dir/CMakeCCompilerABI.c.o
/home/gagliard/phamx494/anaconda/bin/cc    -o CMakeFiles/cmTC_cfd3a.dir/CMakeCCompilerABI.c.o   -c /home/gagliard/phamx494/anaconda/share/cmake-3.11/Modules/CMakeCCompilerABI.c
Linking C executable cmTC_cfd3a
/home/gagliard/phamx494/anaconda/bin/cmake -E cmake_link_script CMakeFiles/cmTC_cfd3a.dir/link.txt --verbose=1
/home/gagliard/phamx494/anaconda/bin/cc     -v -rdynamic CMakeFiles/cmTC_cfd3a.dir/CMakeCCompilerABI.c.o  -o cmTC_cfd3a 
Reading specs from /panfs/roc/groups/6/gagliard/phamx494/anaconda/bin/../lib/gcc/x86_64-unknown-linux-gnu/5.2.0/specs
COLLECT_GCC=/home/gagliard/phamx494/anaconda/bin/cc
COLLECT_LTO_WRAPPER=/panfs/roc/groups/6/gagliard/phamx494/anaconda/bin/../gcc/libexec/gcc/x86_64-unknown-linux-gnu/5.2.0/lto-wrapper
Target: x86_64-unknown-linux-gnu
Configured with: ./configure --prefix=/home/gagliard/phamx494/anaconda/gcc --with-gxx-include-dir=/home/gagliard/phamx494/anaconda/gcc/include/c++ --bindir=/home/gagliard/phamx494/anaconda/bin --datarootdir=/home/gagliard/phamx494/anaconda/share --libdir=/home/gagliard/phamx494/anaconda/lib --with-gmp=/home/gagliard/phamx494/anaconda --with-mpfr=/home/gagliard/phamx494/anaconda --with-mpc=/home/gagliard/phamx494/anaconda --with-isl=/home/gagliard/phamx494/anaconda --with-cloog=/home/gagliard/phamx494/anaconda --enable-checking=release --with-tune=generic --disable-multilib
Thread model: posix
gcc version 5.2.0 (GCC) 
COMPILER_PATH=/panfs/roc/groups/6/gagliard/phamx494/anaconda/bin/../gcc/libexec/gcc/x86_64-unknown-linux-gnu/5.2.0/:/panfs/roc/groups/6/gagliard/phamx494/anaconda/bin/../gcc/libexec/gcc/
LIBRARY_PATH=/panfs/roc/groups/6/gagliard/phamx494/anaconda/bin/../lib/gcc/x86_64-unknown-linux-gnu/5.2.0/:/panfs/roc/groups/6/gagliard/phamx494/anaconda/bin/../lib/gcc/:/lib/../lib64/:/usr/lib/../lib64/:/panfs/roc/groups/6/gagliard/phamx494/anaconda/bin/../lib/gcc/x86_64-unknown-linux-gnu/5.2.0/../../../:/lib/:/usr/lib/
COLLECT_GCC_OPTIONS='-v' '-rdynamic' '-o' 'cmTC_cfd3a' '-mtune=generic' '-march=x86-64'
 /panfs/roc/groups/6/gagliard/phamx494/anaconda/bin/../gcc/libexec/gcc/x86_64-unknown-linux-gnu/5.2.0/collect2 --eh-frame-hdr -m elf_x86_64 -export-dynamic -dynamic-linker /lib64/ld-linux-x86-64.so.2 -o cmTC_cfd3a /panfs/roc/groups/6/gagliard/phamx494/anaconda/bin/../lib/gcc/x86_64-unknown-linux-gnu/5.2.0/crt1.o /panfs/roc/groups/6/gagliard/phamx494/anaconda/bin/../lib/gcc/x86_64-unknown-linux-gnu/5.2.0/crti.o /panfs/roc/groups/6/gagliard/phamx494/anaconda/bin/../lib/gcc/x86_64-unknown-linux-gnu/5.2.0/crtbegin.o -L/panfs/roc/groups/6/gagliard/phamx494/anaconda/bin/../lib/gcc/x86_64-unknown-linux-gnu/5.2.0 -L/panfs/roc/groups/6/gagliard/phamx494/anaconda/bin/../lib/gcc -L/lib/../lib64 -L/usr/lib/../lib64 -L/panfs/roc/groups/6/gagliard/phamx494/anaconda/bin/../lib/gcc/x86_64-unknown-linux-gnu/5.2.0/../../.. CMakeFiles/cmTC_cfd3a.dir/CMakeCCompilerABI.c.o -lgcc --as-needed -lgcc_s --no-as-needed -lc -lgcc --as-needed -lgcc_s --no-as-needed /panfs/roc/groups/6/gagliard/phamx494/anaconda/bin/../lib/gcc/x86_64-unknown-linux-gnu/5.2.0/crtend.o /panfs/roc/groups/6/gagliard/phamx494/anaconda/bin/../lib/gcc/x86_64-unknown-linux-gnu/5.2.0/crtn.o
gmake[1]: Leaving directory `/panfs/roc/groups/6/gagliard/phamx494/pDMET/lib/build/CMakeFiles/CMakeTmp'


Parsed C implicit link information from above output:
  link line regex: [^( *|.*[/\])(ld|CMAKE_LINK_STARTFILE-NOTFOUND|([^/\]+-)?ld|collect2)[^/\]*( |$)]
  ignore line: [Change Dir: /home/gagliard/phamx494/pDMET/lib/build/CMakeFiles/CMakeTmp]
  ignore line: []
  ignore line: [Run Build Command:"/usr/bin/gmake" "cmTC_cfd3a/fast"]
  ignore line: [/usr/bin/gmake -f CMakeFiles/cmTC_cfd3a.dir/build.make CMakeFiles/cmTC_cfd3a.dir/build]
  ignore line: [gmake[1]: Entering directory `/panfs/roc/groups/6/gagliard/phamx494/pDMET/lib/build/CMakeFiles/CMakeTmp']
  ignore line: [Building C object CMakeFiles/cmTC_cfd3a.dir/CMakeCCompilerABI.c.o]
  ignore line: [/home/gagliard/phamx494/anaconda/bin/cc    -o CMakeFiles/cmTC_cfd3a.dir/CMakeCCompilerABI.c.o   -c /home/gagliard/phamx494/anaconda/share/cmake-3.11/Modules/CMakeCCompilerABI.c]
  ignore line: [Linking C executable cmTC_cfd3a]
  ignore line: [/home/gagliard/phamx494/anaconda/bin/cmake -E cmake_link_script CMakeFiles/cmTC_cfd3a.dir/link.txt --verbose=1]
  ignore line: [/home/gagliard/phamx494/anaconda/bin/cc     -v -rdynamic CMakeFiles/cmTC_cfd3a.dir/CMakeCCompilerABI.c.o  -o cmTC_cfd3a ]
  ignore line: [Reading specs from /panfs/roc/groups/6/gagliard/phamx494/anaconda/bin/../lib/gcc/x86_64-unknown-linux-gnu/5.2.0/specs]
  ignore line: [COLLECT_GCC=/home/gagliard/phamx494/anaconda/bin/cc]
  ignore line: [COLLECT_LTO_WRAPPER=/panfs/roc/groups/6/gagliard/phamx494/anaconda/bin/../gcc/libexec/gcc/x86_64-unknown-linux-gnu/5.2.0/lto-wrapper]
  ignore line: [Target: x86_64-unknown-linux-gnu]
  ignore line: [Configured with: ./configure --prefix=/home/gagliard/phamx494/anaconda/gcc --with-gxx-include-dir=/home/gagliard/phamx494/anaconda/gcc/include/c++ --bindir=/home/gagliard/phamx494/anaconda/bin --datarootdir=/home/gagliard/phamx494/anaconda/share --libdir=/home/gagliard/phamx494/anaconda/lib --with-gmp=/home/gagliard/phamx494/anaconda --with-mpfr=/home/gagliard/phamx494/anaconda --with-mpc=/home/gagliard/phamx494/anaconda --with-isl=/home/gagliard/phamx494/anaconda --with-cloog=/home/gagliard/phamx494/anaconda --enable-checking=release --with-tune=generic --disable-multilib]
  ignore line: [Thread model: posix]
  ignore line: [gcc version 5.2.0 (GCC) ]
  ignore line: [COMPILER_PATH=/panfs/roc/groups/6/gagliard/phamx494/anaconda/bin/../gcc/libexec/gcc/x86_64-unknown-linux-gnu/5.2.0/:/panfs/roc/groups/6/gagliard/phamx494/anaconda/bin/../gcc/libexec/gcc/]
  ignore line: [LIBRARY_PATH=/panfs/roc/groups/6/gagliard/phamx494/anaconda/bin/../lib/gcc/x86_64-unknown-linux-gnu/5.2.0/:/panfs/roc/groups/6/gagliard/phamx494/anaconda/bin/../lib/gcc/:/lib/../lib64/:/usr/lib/../lib64/:/panfs/roc/groups/6/gagliard/phamx494/anaconda/bin/../lib/gcc/x86_64-unknown-linux-gnu/5.2.0/../../../:/lib/:/usr/lib/]
  ignore line: [COLLECT_GCC_OPTIONS='-v' '-rdynamic' '-o' 'cmTC_cfd3a' '-mtune=generic' '-march=x86-64']
  link line: [ /panfs/roc/groups/6/gagliard/phamx494/anaconda/bin/../gcc/libexec/gcc/x86_64-unknown-linux-gnu/5.2.0/collect2 --eh-frame-hdr -m elf_x86_64 -export-dynamic -dynamic-linker /lib64/ld-linux-x86-64.so.2 -o cmTC_cfd3a /panfs/roc/groups/6/gagliard/phamx494/anaconda/bin/../lib/gcc/x86_64-unknown-linux-gnu/5.2.0/crt1.o /panfs/roc/groups/6/gagliard/phamx494/anaconda/bin/../lib/gcc/x86_64-unknown-linux-gnu/5.2.0/crti.o /panfs/roc/groups/6/gagliard/phamx494/anaconda/bin/../lib/gcc/x86_64-unknown-linux-gnu/5.2.0/crtbegin.o -L/panfs/roc/groups/6/gagliard/phamx494/anaconda/bin/../lib/gcc/x86_64-unknown-linux-gnu/5.2.0 -L/panfs/roc/groups/6/gagliard/phamx494/anaconda/bin/../lib/gcc -L/lib/../lib64 -L/usr/lib/../lib64 -L/panfs/roc/groups/6/gagliard/phamx494/anaconda/bin/../lib/gcc/x86_64-unknown-linux-gnu/5.2.0/../../.. CMakeFiles/cmTC_cfd3a.dir/CMakeCCompilerABI.c.o -lgcc --as-needed -lgcc_s --no-as-needed -lc -lgcc --as-needed -lgcc_s --no-as-needed /panfs/roc/groups/6/gagliard/phamx494/anaconda/bin/../lib/gcc/x86_64-unknown-linux-gnu/5.2.0/crtend.o /panfs/roc/groups/6/gagliard/phamx494/anaconda/bin/../lib/gcc/x86_64-unknown-linux-gnu/5.2.0/crtn.o]
    arg [/panfs/roc/groups/6/gagliard/phamx494/anaconda/bin/../gcc/libexec/gcc/x86_64-unknown-linux-gnu/5.2.0/collect2] ==> ignore
    arg [--eh-frame-hdr] ==> ignore
    arg [-m] ==> ignore
    arg [elf_x86_64] ==> ignore
    arg [-export-dynamic] ==> ignore
    arg [-dynamic-linker] ==> ignore
    arg [/lib64/ld-linux-x86-64.so.2] ==> ignore
    arg [-o] ==> ignore
    arg [cmTC_cfd3a] ==> ignore
    arg [/panfs/roc/groups/6/gagliard/phamx494/anaconda/bin/../lib/gcc/x86_64-unknown-linux-gnu/5.2.0/crt1.o] ==> ignore
    arg [/panfs/roc/groups/6/gagliard/phamx494/anaconda/bin/../lib/gcc/x86_64-unknown-linux-gnu/5.2.0/crti.o] ==> ignore
    arg [/panfs/roc/groups/6/gagliard/phamx494/anaconda/bin/../lib/gcc/x86_64-unknown-linux-gnu/5.2.0/crtbegin.o] ==> ignore
    arg [-L/panfs/roc/groups/6/gagliard/phamx494/anaconda/bin/../lib/gcc/x86_64-unknown-linux-gnu/5.2.0] ==> dir [/panfs/roc/groups/6/gagliard/phamx494/anaconda/bin/../lib/gcc/x86_64-unknown-linux-gnu/5.2.0]
    arg [-L/panfs/roc/groups/6/gagliard/phamx494/anaconda/bin/../lib/gcc] ==> dir [/panfs/roc/groups/6/gagliard/phamx494/anaconda/bin/../lib/gcc]
    arg [-L/lib/../lib64] ==> dir [/lib/../lib64]
    arg [-L/usr/lib/../lib64] ==> dir [/usr/lib/../lib64]
    arg [-L/panfs/roc/groups/6/gagliard/phamx494/anaconda/bin/../lib/gcc/x86_64-unknown-linux-gnu/5.2.0/../../..] ==> dir [/panfs/roc/groups/6/gagliard/phamx494/anaconda/bin/../lib/gcc/x86_64-unknown-linux-gnu/5.2.0/../../..]
    arg [CMakeFiles/cmTC_cfd3a.dir/CMakeCCompilerABI.c.o] ==> ignore
    arg [-lgcc] ==> lib [gcc]
    arg [--as-needed] ==> ignore
    arg [-lgcc_s] ==> lib [gcc_s]
    arg [--no-as-needed] ==> ignore
    arg [-lc] ==> lib [c]
    arg [-lgcc] ==> lib [gcc]
    arg [--as-needed] ==> ignore
    arg [-lgcc_s] ==> lib [gcc_s]
    arg [--no-as-needed] ==> ignore
    arg [/panfs/roc/groups/6/gagliard/phamx494/anaconda/bin/../lib/gcc/x86_64-unknown-linux-gnu/5.2.0/crtend.o] ==> ignore
    arg [/panfs/roc/groups/6/gagliard/phamx494/anaconda/bin/../lib/gcc/x86_64-unknown-linux-gnu/5.2.0/crtn.o] ==> ignore
  collapse library dir [/panfs/roc/groups/6/gagliard/phamx494/anaconda/bin/../lib/gcc/x86_64-unknown-linux-gnu/5.2.0] ==> [/home/gagliard/phamx494/anaconda/lib/gcc/x86_64-unknown-linux-gnu/5.2.0]
  collapse library dir [/panfs/roc/groups/6/gagliard/phamx494/anaconda/bin/../lib/gcc] ==> [/home/gagliard/phamx494/anaconda/lib/gcc]
  collapse library dir [/lib/../lib64] ==> [/lib64]
  collapse library dir [/usr/lib/../lib64] ==> [/usr/lib64]
  collapse library dir [/panfs/roc/groups/6/gagliard/phamx494/anaconda/bin/../lib/gcc/x86_64-unknown-linux-gnu/5.2.0/../../..] ==> [/home/gagliard/phamx494/anaconda/lib]
  implicit libs: [gcc;gcc_s;c;gcc;gcc_s]
  implicit dirs: [/home/gagliard/phamx494/anaconda/lib/gcc/x86_64-unknown-linux-gnu/5.2.0;/home/gagliard/phamx494/anaconda/lib/gcc;/lib64;/usr/lib64;/home/gagliard/phamx494/anaconda/lib]
  implicit fwks: []




Detecting C [-std=c11] compiler features compiled with the following output:
Change Dir: /home/gagliard/phamx494/pDMET/lib/build/CMakeFiles/CMakeTmp

Run Build Command:"/usr/bin/gmake" "cmTC_0ce42/fast"
/usr/bin/gmake -f CMakeFiles/cmTC_0ce42.dir/build.make CMakeFiles/cmTC_0ce42.dir/build
gmake[1]: Entering directory `/panfs/roc/groups/6/gagliard/phamx494/pDMET/lib/build/CMakeFiles/CMakeTmp'
Building C object CMakeFiles/cmTC_0ce42.dir/feature_tests.c.o
/home/gagliard/phamx494/anaconda/bin/cc   -std=c11 -o CMakeFiles/cmTC_0ce42.dir/feature_tests.c.o   -c /home/gagliard/phamx494/pDMET/lib/build/CMakeFiles/feature_tests.c
Linking C executable cmTC_0ce42
/home/gagliard/phamx494/anaconda/bin/cmake -E cmake_link_script CMakeFiles/cmTC_0ce42.dir/link.txt --verbose=1
/home/gagliard/phamx494/anaconda/bin/cc      -rdynamic CMakeFiles/cmTC_0ce42.dir/feature_tests.c.o  -o cmTC_0ce42 
gmake[1]: Leaving directory `/panfs/roc/groups/6/gagliard/phamx494/pDMET/lib/build/CMakeFiles/CMakeTmp'


    Feature record: C_FEATURE:1c_function_prototypes
    Feature record: C_FEATURE:1c_restrict
    Feature record: C_FEATURE:1c_static_assert
    Feature record: C_FEATURE:1c_variadic_macros


Detecting C [-std=c99] compiler features compiled with the following output:
Change Dir: /home/gagliard/phamx494/pDMET/lib/build/CMakeFiles/CMakeTmp

Run Build Command:"/usr/bin/gmake" "cmTC_bec5b/fast"
/usr/bin/gmake -f CMakeFiles/cmTC_bec5b.dir/build.make CMakeFiles/cmTC_bec5b.dir/build
gmake[1]: Entering directory `/panfs/roc/groups/6/gagliard/phamx494/pDMET/lib/build/CMakeFiles/CMakeTmp'
Building C object CMakeFiles/cmTC_bec5b.dir/feature_tests.c.o
/home/gagliard/phamx494/anaconda/bin/cc   -std=c99 -o CMakeFiles/cmTC_bec5b.dir/feature_tests.c.o   -c /home/gagliard/phamx494/pDMET/lib/build/CMakeFiles/feature_tests.c
Linking C executable cmTC_bec5b
/home/gagliard/phamx494/anaconda/bin/cmake -E cmake_link_script CMakeFiles/cmTC_bec5b.dir/link.txt --verbose=1
/home/gagliard/phamx494/anaconda/bin/cc      -rdynamic CMakeFiles/cmTC_bec5b.dir/feature_tests.c.o  -o cmTC_bec5b 
gmake[1]: Leaving directory `/panfs/roc/groups/6/gagliard/phamx494/pDMET/lib/build/CMakeFiles/CMakeTmp'


    Feature record: C_FEATURE:1c_function_prototypes
    Feature record: C_FEATURE:1c_restrict
    Feature record: C_FEATURE:0c_static_assert
    Feature record: C_FEATURE:1c_variadic_macros


Detecting C [-std=c90] compiler features compiled with the following output:
Change Dir: /home/gagliard/phamx494/pDMET/lib/build/CMakeFiles/CMakeTmp

Run Build Command:"/usr/bin/gmake" "cmTC_6f70b/fast"
/usr/bin/gmake -f CMakeFiles/cmTC_6f70b.dir/build.make CMakeFiles/cmTC_6f70b.dir/build
gmake[1]: Entering directory `/panfs/roc/groups/6/gagliard/phamx494/pDMET/lib/build/CMakeFiles/CMakeTmp'
Building C object CMakeFiles/cmTC_6f70b.dir/feature_tests.c.o
/home/gagliard/phamx494/anaconda/bin/cc   -std=c90 -o CMakeFiles/cmTC_6f70b.dir/feature_tests.c.o   -c /home/gagliard/phamx494/pDMET/lib/build/CMakeFiles/feature_tests.c
Linking C executable cmTC_6f70b
/home/gagliard/phamx494/anaconda/bin/cmake -E cmake_link_script CMakeFiles/cmTC_6f70b.dir/link.txt --verbose=1
/home/gagliard/phamx494/anaconda/bin/cc      -rdynamic CMakeFiles/cmTC_6f70b.dir/feature_tests.c.o  -o cmTC_6f70b 
gmake[1]: Leaving directory `/panfs/roc/groups/6/gagliard/phamx494/pDMET/lib/build/CMakeFiles/CMakeTmp'


    Feature record: C_FEATURE:1c_function_prototypes
    Feature record: C_FEATURE:0c_restrict
    Feature record: C_FEATURE:0c_static_assert
    Feature record: C_FEATURE:0c_variadic_macros
Determining if the CXX compiler works passed with the following output:
Change Dir: /home/gagliard/phamx494/pDMET/lib/build/CMakeFiles/CMakeTmp

Run Build Command:"/usr/bin/gmake" "cmTC_b8c7c/fast"
/usr/bin/gmake -f CMakeFiles/cmTC_b8c7c.dir/build.make CMakeFiles/cmTC_b8c7c.dir/build
gmake[1]: Entering directory `/panfs/roc/groups/6/gagliard/phamx494/pDMET/lib/build/CMakeFiles/CMakeTmp'
Building CXX object CMakeFiles/cmTC_b8c7c.dir/testCXXCompiler.cxx.o
/home/gagliard/phamx494/anaconda/bin/c++     -o CMakeFiles/cmTC_b8c7c.dir/testCXXCompiler.cxx.o -c /home/gagliard/phamx494/pDMET/lib/build/CMakeFiles/CMakeTmp/testCXXCompiler.cxx
Linking CXX executable cmTC_b8c7c
/home/gagliard/phamx494/anaconda/bin/cmake -E cmake_link_script CMakeFiles/cmTC_b8c7c.dir/link.txt --verbose=1
/home/gagliard/phamx494/anaconda/bin/c++       -rdynamic CMakeFiles/cmTC_b8c7c.dir/testCXXCompiler.cxx.o  -o cmTC_b8c7c 
gmake[1]: Leaving directory `/panfs/roc/groups/6/gagliard/phamx494/pDMET/lib/build/CMakeFiles/CMakeTmp'


Detecting CXX compiler ABI info compiled with the following output:
Change Dir: /home/gagliard/phamx494/pDMET/lib/build/CMakeFiles/CMakeTmp

Run Build Command:"/usr/bin/gmake" "cmTC_2670f/fast"
/usr/bin/gmake -f CMakeFiles/cmTC_2670f.dir/build.make CMakeFiles/cmTC_2670f.dir/build
gmake[1]: Entering directory `/panfs/roc/groups/6/gagliard/phamx494/pDMET/lib/build/CMakeFiles/CMakeTmp'
Building CXX object CMakeFiles/cmTC_2670f.dir/CMakeCXXCompilerABI.cpp.o
/home/gagliard/phamx494/anaconda/bin/c++     -o CMakeFiles/cmTC_2670f.dir/CMakeCXXCompilerABI.cpp.o -c /home/gagliard/phamx494/anaconda/share/cmake-3.11/Modules/CMakeCXXCompilerABI.cpp
Linking CXX executable cmTC_2670f
/home/gagliard/phamx494/anaconda/bin/cmake -E cmake_link_script CMakeFiles/cmTC_2670f.dir/link.txt --verbose=1
/home/gagliard/phamx494/anaconda/bin/c++      -v -rdynamic CMakeFiles/cmTC_2670f.dir/CMakeCXXCompilerABI.cpp.o  -o cmTC_2670f 
Reading specs from /panfs/roc/groups/6/gagliard/phamx494/anaconda/bin/../lib/gcc/x86_64-unknown-linux-gnu/5.2.0/specs
COLLECT_GCC=/home/gagliard/phamx494/anaconda/bin/c++
COLLECT_LTO_WRAPPER=/panfs/roc/groups/6/gagliard/phamx494/anaconda/bin/../gcc/libexec/gcc/x86_64-unknown-linux-gnu/5.2.0/lto-wrapper
Target: x86_64-unknown-linux-gnu
Configured with: ./configure --prefix=/home/gagliard/phamx494/anaconda/gcc --with-gxx-include-dir=/home/gagliard/phamx494/anaconda/gcc/include/c++ --bindir=/home/gagliard/phamx494/anaconda/bin --datarootdir=/home/gagliard/phamx494/anaconda/share --libdir=/home/gagliard/phamx494/anaconda/lib --with-gmp=/home/gagliard/phamx494/anaconda --with-mpfr=/home/gagliard/phamx494/anaconda --with-mpc=/home/gagliard/phamx494/anaconda --with-isl=/home/gagliard/phamx494/anaconda --with-cloog=/home/gagliard/phamx494/anaconda --enable-checking=release --with-tune=generic --disable-multilib
Thread model: posix
gcc version 5.2.0 (GCC) 
COMPILER_PATH=/panfs/roc/groups/6/gagliard/phamx494/anaconda/bin/../gcc/libexec/gcc/x86_64-unknown-linux-gnu/5.2.0/:/panfs/roc/groups/6/gagliard/phamx494/anaconda/bin/../gcc/libexec/gcc/
LIBRARY_PATH=/panfs/roc/groups/6/gagliard/phamx494/anaconda/bin/../lib/gcc/x86_64-unknown-linux-gnu/5.2.0/:/panfs/roc/groups/6/gagliard/phamx494/anaconda/bin/../lib/gcc/:/lib/../lib64/:/usr/lib/../lib64/:/panfs/roc/groups/6/gagliard/phamx494/anaconda/bin/../lib/gcc/x86_64-unknown-linux-gnu/5.2.0/../../../:/lib/:/usr/lib/
COLLECT_GCC_OPTIONS='-v' '-rdynamic' '-o' 'cmTC_2670f' '-shared-libgcc' '-mtune=generic' '-march=x86-64'
 /panfs/roc/groups/6/gagliard/phamx494/anaconda/bin/../gcc/libexec/gcc/x86_64-unknown-linux-gnu/5.2.0/collect2 --eh-frame-hdr -m elf_x86_64 -export-dynamic -dynamic-linker /lib64/ld-linux-x86-64.so.2 -o cmTC_2670f /panfs/roc/groups/6/gagliard/phamx494/anaconda/bin/../lib/gcc/x86_64-unknown-linux-gnu/5.2.0/crt1.o /panfs/roc/groups/6/gagliard/phamx494/anaconda/bin/../lib/gcc/x86_64-unknown-linux-gnu/5.2.0/crti.o /panfs/roc/groups/6/gagliard/phamx494/anaconda/bin/../lib/gcc/x86_64-unknown-linux-gnu/5.2.0/crtbegin.o -L/panfs/roc/groups/6/gagliard/phamx494/anaconda/bin/../lib/gcc/x86_64-unknown-linux-gnu/5.2.0 -L/panfs/roc/groups/6/gagliard/phamx494/anaconda/bin/../lib/gcc -L/lib/../lib64 -L/usr/lib/../lib64 -L/panfs/roc/groups/6/gagliard/phamx494/anaconda/bin/../lib/gcc/x86_64-unknown-linux-gnu/5.2.0/../../.. CMakeFiles/cmTC_2670f.dir/CMakeCXXCompilerABI.cpp.o -lstdc++ -lm -lgcc_s -lgcc -lc -lgcc_s -lgcc /panfs/roc/groups/6/gagliard/phamx494/anaconda/bin/../lib/gcc/x86_64-unknown-linux-gnu/5.2.0/crtend.o /panfs/roc/groups/6/gagliard/phamx494/anaconda/bin/../lib/gcc/x86_64-unknown-linux-gnu/5.2.0/crtn.o
gmake[1]: Leaving directory `/panfs/roc/groups/6/gagliard/phamx494/pDMET/lib/build/CMakeFiles/CMakeTmp'


Parsed CXX implicit link information from above output:
  link line regex: [^( *|.*[/\])(ld|CMAKE_LINK_STARTFILE-NOTFOUND|([^/\]+-)?ld|collect2)[^/\]*( |$)]
  ignore line: [Change Dir: /home/gagliard/phamx494/pDMET/lib/build/CMakeFiles/CMakeTmp]
  ignore line: []
  ignore line: [Run Build Command:"/usr/bin/gmake" "cmTC_2670f/fast"]
  ignore line: [/usr/bin/gmake -f CMakeFiles/cmTC_2670f.dir/build.make CMakeFiles/cmTC_2670f.dir/build]
  ignore line: [gmake[1]: Entering directory `/panfs/roc/groups/6/gagliard/phamx494/pDMET/lib/build/CMakeFiles/CMakeTmp']
  ignore line: [Building CXX object CMakeFiles/cmTC_2670f.dir/CMakeCXXCompilerABI.cpp.o]
  ignore line: [/home/gagliard/phamx494/anaconda/bin/c++     -o CMakeFiles/cmTC_2670f.dir/CMakeCXXCompilerABI.cpp.o -c /home/gagliard/phamx494/anaconda/share/cmake-3.11/Modules/CMakeCXXCompilerABI.cpp]
  ignore line: [Linking CXX executable cmTC_2670f]
  ignore line: [/home/gagliard/phamx494/anaconda/bin/cmake -E cmake_link_script CMakeFiles/cmTC_2670f.dir/link.txt --verbose=1]
  ignore line: [/home/gagliard/phamx494/anaconda/bin/c++      -v -rdynamic CMakeFiles/cmTC_2670f.dir/CMakeCXXCompilerABI.cpp.o  -o cmTC_2670f ]
  ignore line: [Reading specs from /panfs/roc/groups/6/gagliard/phamx494/anaconda/bin/../lib/gcc/x86_64-unknown-linux-gnu/5.2.0/specs]
  ignore line: [COLLECT_GCC=/home/gagliard/phamx494/anaconda/bin/c++]
  ignore line: [COLLECT_LTO_WRAPPER=/panfs/roc/groups/6/gagliard/phamx494/anaconda/bin/../gcc/libexec/gcc/x86_64-unknown-linux-gnu/5.2.0/lto-wrapper]
  ignore line: [Target: x86_64-unknown-linux-gnu]
  ignore line: [Configured with: ./configure --prefix=/home/gagliard/phamx494/anaconda/gcc --with-gxx-include-dir=/home/gagliard/phamx494/anaconda/gcc/include/c++ --bindir=/home/gagliard/phamx494/anaconda/bin --datarootdir=/home/gagliard/phamx494/anaconda/share --libdir=/home/gagliard/phamx494/anaconda/lib --with-gmp=/home/gagliard/phamx494/anaconda --with-mpfr=/home/gagliard/phamx494/anaconda --with-mpc=/home/gagliard/phamx494/anaconda --with-isl=/home/gagliard/phamx494/anaconda --with-cloog=/home/gagliard/phamx494/anaconda --enable-checking=release --with-tune=generic --disable-multilib]
  ignore line: [Thread model: posix]
  ignore line: [gcc version 5.2.0 (GCC) ]
  ignore line: [COMPILER_PATH=/panfs/roc/groups/6/gagliard/phamx494/anaconda/bin/../gcc/libexec/gcc/x86_64-unknown-linux-gnu/5.2.0/:/panfs/roc/groups/6/gagliard/phamx494/anaconda/bin/../gcc/libexec/gcc/]
  ignore line: [LIBRARY_PATH=/panfs/roc/groups/6/gagliard/phamx494/anaconda/bin/../lib/gcc/x86_64-unknown-linux-gnu/5.2.0/:/panfs/roc/groups/6/gagliard/phamx494/anaconda/bin/../lib/gcc/:/lib/../lib64/:/usr/lib/../lib64/:/panfs/roc/groups/6/gagliard/phamx494/anaconda/bin/../lib/gcc/x86_64-unknown-linux-gnu/5.2.0/../../../:/lib/:/usr/lib/]
  ignore line: [COLLECT_GCC_OPTIONS='-v' '-rdynamic' '-o' 'cmTC_2670f' '-shared-libgcc' '-mtune=generic' '-march=x86-64']
  link line: [ /panfs/roc/groups/6/gagliard/phamx494/anaconda/bin/../gcc/libexec/gcc/x86_64-unknown-linux-gnu/5.2.0/collect2 --eh-frame-hdr -m elf_x86_64 -export-dynamic -dynamic-linker /lib64/ld-linux-x86-64.so.2 -o cmTC_2670f /panfs/roc/groups/6/gagliard/phamx494/anaconda/bin/../lib/gcc/x86_64-unknown-linux-gnu/5.2.0/crt1.o /panfs/roc/groups/6/gagliard/phamx494/anaconda/bin/../lib/gcc/x86_64-unknown-linux-gnu/5.2.0/crti.o /panfs/roc/groups/6/gagliard/phamx494/anaconda/bin/../lib/gcc/x86_64-unknown-linux-gnu/5.2.0/crtbegin.o -L/panfs/roc/groups/6/gagliard/phamx494/anaconda/bin/../lib/gcc/x86_64-unknown-linux-gnu/5.2.0 -L/panfs/roc/groups/6/gagliard/phamx494/anaconda/bin/../lib/gcc -L/lib/../lib64 -L/usr/lib/../lib64 -L/panfs/roc/groups/6/gagliard/phamx494/anaconda/bin/../lib/gcc/x86_64-unknown-linux-gnu/5.2.0/../../.. CMakeFiles/cmTC_2670f.dir/CMakeCXXCompilerABI.cpp.o -lstdc++ -lm -lgcc_s -lgcc -lc -lgcc_s -lgcc /panfs/roc/groups/6/gagliard/phamx494/anaconda/bin/../lib/gcc/x86_64-unknown-linux-gnu/5.2.0/crtend.o /panfs/roc/groups/6/gagliard/phamx494/anaconda/bin/../lib/gcc/x86_64-unknown-linux-gnu/5.2.0/crtn.o]
    arg [/panfs/roc/groups/6/gagliard/phamx494/anaconda/bin/../gcc/libexec/gcc/x86_64-unknown-linux-gnu/5.2.0/collect2] ==> ignore
    arg [--eh-frame-hdr] ==> ignore
    arg [-m] ==> ignore
    arg [elf_x86_64] ==> ignore
    arg [-export-dynamic] ==> ignore
    arg [-dynamic-linker] ==> ignore
    arg [/lib64/ld-linux-x86-64.so.2] ==> ignore
    arg [-o] ==> ignore
    arg [cmTC_2670f] ==> ignore
    arg [/panfs/roc/groups/6/gagliard/phamx494/anaconda/bin/../lib/gcc/x86_64-unknown-linux-gnu/5.2.0/crt1.o] ==> ignore
    arg [/panfs/roc/groups/6/gagliard/phamx494/anaconda/bin/../lib/gcc/x86_64-unknown-linux-gnu/5.2.0/crti.o] ==> ignore
    arg [/panfs/roc/groups/6/gagliard/phamx494/anaconda/bin/../lib/gcc/x86_64-unknown-linux-gnu/5.2.0/crtbegin.o] ==> ignore
    arg [-L/panfs/roc/groups/6/gagliard/phamx494/anaconda/bin/../lib/gcc/x86_64-unknown-linux-gnu/5.2.0] ==> dir [/panfs/roc/groups/6/gagliard/phamx494/anaconda/bin/../lib/gcc/x86_64-unknown-linux-gnu/5.2.0]
    arg [-L/panfs/roc/groups/6/gagliard/phamx494/anaconda/bin/../lib/gcc] ==> dir [/panfs/roc/groups/6/gagliard/phamx494/anaconda/bin/../lib/gcc]
    arg [-L/lib/../lib64] ==> dir [/lib/../lib64]
    arg [-L/usr/lib/../lib64] ==> dir [/usr/lib/../lib64]
    arg [-L/panfs/roc/groups/6/gagliard/phamx494/anaconda/bin/../lib/gcc/x86_64-unknown-linux-gnu/5.2.0/../../..] ==> dir [/panfs/roc/groups/6/gagliard/phamx494/anaconda/bin/../lib/gcc/x86_64-unknown-linux-gnu/5.2.0/../../..]
    arg [CMakeFiles/cmTC_2670f.dir/CMakeCXXCompilerABI.cpp.o] ==> ignore
    arg [-lstdc++] ==> lib [stdc++]
    arg [-lm] ==> lib [m]
    arg [-lgcc_s] ==> lib [gcc_s]
    arg [-lgcc] ==> lib [gcc]
    arg [-lc] ==> lib [c]
    arg [-lgcc_s] ==> lib [gcc_s]
    arg [-lgcc] ==> lib [gcc]
    arg [/panfs/roc/groups/6/gagliard/phamx494/anaconda/bin/../lib/gcc/x86_64-unknown-linux-gnu/5.2.0/crtend.o] ==> ignore
    arg [/panfs/roc/groups/6/gagliard/phamx494/anaconda/bin/../lib/gcc/x86_64-unknown-linux-gnu/5.2.0/crtn.o] ==> ignore
  collapse library dir [/panfs/roc/groups/6/gagliard/phamx494/anaconda/bin/../lib/gcc/x86_64-unknown-linux-gnu/5.2.0] ==> [/home/gagliard/phamx494/anaconda/lib/gcc/x86_64-unknown-linux-gnu/5.2.0]
  collapse library dir [/panfs/roc/groups/6/gagliard/phamx494/anaconda/bin/../lib/gcc] ==> [/home/gagliard/phamx494/anaconda/lib/gcc]
  collapse library dir [/lib/../lib64] ==> [/lib64]
  collapse library dir [/usr/lib/../lib64] ==> [/usr/lib64]
  collapse library dir [/panfs/roc/groups/6/gagliard/phamx494/anaconda/bin/../lib/gcc/x86_64-unknown-linux-gnu/5.2.0/../../..] ==> [/home/gagliard/phamx494/anaconda/lib]
  implicit libs: [stdc++;m;gcc_s;gcc;c;gcc_s;gcc]
  implicit dirs: [/home/gagliard/phamx494/anaconda/lib/gcc/x86_64-unknown-linux-gnu/5.2.0;/home/gagliard/phamx494/anaconda/lib/gcc;/lib64;/usr/lib64;/home/gagliard/phamx494/anaconda/lib]
  implicit fwks: []




Detecting CXX [-std=c++1z] compiler features compiled with the following output:
Change Dir: /home/gagliard/phamx494/pDMET/lib/build/CMakeFiles/CMakeTmp

Run Build Command:"/usr/bin/gmake" "cmTC_7fd56/fast"
/usr/bin/gmake -f CMakeFiles/cmTC_7fd56.dir/build.make CMakeFiles/cmTC_7fd56.dir/build
gmake[1]: Entering directory `/panfs/roc/groups/6/gagliard/phamx494/pDMET/lib/build/CMakeFiles/CMakeTmp'
Building CXX object CMakeFiles/cmTC_7fd56.dir/feature_tests.cxx.o
/home/gagliard/phamx494/anaconda/bin/c++    -std=c++1z -o CMakeFiles/cmTC_7fd56.dir/feature_tests.cxx.o -c /home/gagliard/phamx494/pDMET/lib/build/CMakeFiles/feature_tests.cxx
Linking CXX executable cmTC_7fd56
/home/gagliard/phamx494/anaconda/bin/cmake -E cmake_link_script CMakeFiles/cmTC_7fd56.dir/link.txt --verbose=1
/home/gagliard/phamx494/anaconda/bin/c++       -rdynamic CMakeFiles/cmTC_7fd56.dir/feature_tests.cxx.o  -o cmTC_7fd56 
gmake[1]: Leaving directory `/panfs/roc/groups/6/gagliard/phamx494/pDMET/lib/build/CMakeFiles/CMakeTmp'


    Feature record: CXX_FEATURE:1cxx_aggregate_default_initializers
    Feature record: CXX_FEATURE:1cxx_alias_templates
    Feature record: CXX_FEATURE:1cxx_alignas
    Feature record: CXX_FEATURE:1cxx_alignof
    Feature record: CXX_FEATURE:1cxx_attributes
    Feature record: CXX_FEATURE:1cxx_attribute_deprecated
    Feature record: CXX_FEATURE:1cxx_auto_type
    Feature record: CXX_FEATURE:1cxx_binary_literals
    Feature record: CXX_FEATURE:1cxx_constexpr
    Feature record: CXX_FEATURE:1cxx_contextual_conversions
    Feature record: CXX_FEATURE:1cxx_decltype
    Feature record: CXX_FEATURE:1cxx_decltype_auto
    Feature record: CXX_FEATURE:1cxx_decltype_incomplete_return_types
    Feature record: CXX_FEATURE:1cxx_default_function_template_args
    Feature record: CXX_FEATURE:1cxx_defaulted_functions
    Feature record: CXX_FEATURE:1cxx_defaulted_move_initializers
    Feature record: CXX_FEATURE:1cxx_delegating_constructors
    Feature record: CXX_FEATURE:1cxx_deleted_functions
    Feature record: CXX_FEATURE:1cxx_digit_separators
    Feature record: CXX_FEATURE:1cxx_enum_forward_declarations
    Feature record: CXX_FEATURE:1cxx_explicit_conversions
    Feature record: CXX_FEATURE:1cxx_extended_friend_declarations
    Feature record: CXX_FEATURE:1cxx_extern_templates
    Feature record: CXX_FEATURE:1cxx_final
    Feature record: CXX_FEATURE:1cxx_func_identifier
    Feature record: CXX_FEATURE:1cxx_generalized_initializers
    Feature record: CXX_FEATURE:1cxx_generic_lambdas
    Feature record: CXX_FEATURE:1cxx_inheriting_constructors
    Feature record: CXX_FEATURE:1cxx_inline_namespaces
    Feature record: CXX_FEATURE:1cxx_lambdas
    Feature record: CXX_FEATURE:1cxx_lambda_init_captures
    Feature record: CXX_FEATURE:1cxx_local_type_template_args
    Feature record: CXX_FEATURE:1cxx_long_long_type
    Feature record: CXX_FEATURE:1cxx_noexcept
    Feature record: CXX_FEATURE:1cxx_nonstatic_member_init
    Feature record: CXX_FEATURE:1cxx_nullptr
    Feature record: CXX_FEATURE:1cxx_override
    Feature record: CXX_FEATURE:1cxx_range_for
    Feature record: CXX_FEATURE:1cxx_raw_string_literals
    Feature record: CXX_FEATURE:1cxx_reference_qualified_functions
    Feature record: CXX_FEATURE:1cxx_relaxed_constexpr
    Feature record: CXX_FEATURE:1cxx_return_type_deduction
    Feature record: CXX_FEATURE:1cxx_right_angle_brackets
    Feature record: CXX_FEATURE:1cxx_rvalue_references
    Feature record: CXX_FEATURE:1cxx_sizeof_member
    Feature record: CXX_FEATURE:1cxx_static_assert
    Feature record: CXX_FEATURE:1cxx_strong_enums
    Feature record: CXX_FEATURE:1cxx_template_template_parameters
    Feature record: CXX_FEATURE:1cxx_thread_local
    Feature record: CXX_FEATURE:1cxx_trailing_return_types
    Feature record: CXX_FEATURE:1cxx_unicode_literals
    Feature record: CXX_FEATURE:1cxx_uniform_initialization
    Feature record: CXX_FEATURE:1cxx_unrestricted_unions
    Feature record: CXX_FEATURE:1cxx_user_literals
    Feature record: CXX_FEATURE:1cxx_variable_templates
    Feature record: CXX_FEATURE:1cxx_variadic_macros
    Feature record: CXX_FEATURE:1cxx_variadic_templates


Detecting CXX [-std=c++14] compiler features compiled with the following output:
Change Dir: /home/gagliard/phamx494/pDMET/lib/build/CMakeFiles/CMakeTmp

Run Build Command:"/usr/bin/gmake" "cmTC_00610/fast"
/usr/bin/gmake -f CMakeFiles/cmTC_00610.dir/build.make CMakeFiles/cmTC_00610.dir/build
gmake[1]: Entering directory `/panfs/roc/groups/6/gagliard/phamx494/pDMET/lib/build/CMakeFiles/CMakeTmp'
Building CXX object CMakeFiles/cmTC_00610.dir/feature_tests.cxx.o
/home/gagliard/phamx494/anaconda/bin/c++    -std=c++14 -o CMakeFiles/cmTC_00610.dir/feature_tests.cxx.o -c /home/gagliard/phamx494/pDMET/lib/build/CMakeFiles/feature_tests.cxx
Linking CXX executable cmTC_00610
/home/gagliard/phamx494/anaconda/bin/cmake -E cmake_link_script CMakeFiles/cmTC_00610.dir/link.txt --verbose=1
/home/gagliard/phamx494/anaconda/bin/c++       -rdynamic CMakeFiles/cmTC_00610.dir/feature_tests.cxx.o  -o cmTC_00610 
gmake[1]: Leaving directory `/panfs/roc/groups/6/gagliard/phamx494/pDMET/lib/build/CMakeFiles/CMakeTmp'


    Feature record: CXX_FEATURE:1cxx_aggregate_default_initializers
    Feature record: CXX_FEATURE:1cxx_alias_templates
    Feature record: CXX_FEATURE:1cxx_alignas
    Feature record: CXX_FEATURE:1cxx_alignof
    Feature record: CXX_FEATURE:1cxx_attributes
    Feature record: CXX_FEATURE:1cxx_attribute_deprecated
    Feature record: CXX_FEATURE:1cxx_auto_type
    Feature record: CXX_FEATURE:1cxx_binary_literals
    Feature record: CXX_FEATURE:1cxx_constexpr
    Feature record: CXX_FEATURE:1cxx_contextual_conversions
    Feature record: CXX_FEATURE:1cxx_decltype
    Feature record: CXX_FEATURE:1cxx_decltype_auto
    Feature record: CXX_FEATURE:1cxx_decltype_incomplete_return_types
    Feature record: CXX_FEATURE:1cxx_default_function_template_args
    Feature record: CXX_FEATURE:1cxx_defaulted_functions
    Feature record: CXX_FEATURE:1cxx_defaulted_move_initializers
    Feature record: CXX_FEATURE:1cxx_delegating_constructors
    Feature record: CXX_FEATURE:1cxx_deleted_functions
    Feature record: CXX_FEATURE:1cxx_digit_separators
    Feature record: CXX_FEATURE:1cxx_enum_forward_declarations
    Feature record: CXX_FEATURE:1cxx_explicit_conversions
    Feature record: CXX_FEATURE:1cxx_extended_friend_declarations
    Feature record: CXX_FEATURE:1cxx_extern_templates
    Feature record: CXX_FEATURE:1cxx_final
    Feature record: CXX_FEATURE:1cxx_func_identifier
    Feature record: CXX_FEATURE:1cxx_generalized_initializers
    Feature record: CXX_FEATURE:1cxx_generic_lambdas
    Feature record: CXX_FEATURE:1cxx_inheriting_constructors
    Feature record: CXX_FEATURE:1cxx_inline_namespaces
    Feature record: CXX_FEATURE:1cxx_lambdas
    Feature record: CXX_FEATURE:1cxx_lambda_init_captures
    Feature record: CXX_FEATURE:1cxx_local_type_template_args
    Feature record: CXX_FEATURE:1cxx_long_long_type
    Feature record: CXX_FEATURE:1cxx_noexcept
    Feature record: CXX_FEATURE:1cxx_nonstatic_member_init
    Feature record: CXX_FEATURE:1cxx_nullptr
    Feature record: CXX_FEATURE:1cxx_override
    Feature record: CXX_FEATURE:1cxx_range_for
    Feature record: CXX_FEATURE:1cxx_raw_string_literals
    Feature record: CXX_FEATURE:1cxx_reference_qualified_functions
    Feature record: CXX_FEATURE:1cxx_relaxed_constexpr
    Feature record: CXX_FEATURE:1cxx_return_type_deduction
    Feature record: CXX_FEATURE:1cxx_right_angle_brackets
    Feature record: CXX_FEATURE:1cxx_rvalue_references
    Feature record: CXX_FEATURE:1cxx_sizeof_member
    Feature record: CXX_FEATURE:1cxx_static_assert
    Feature record: CXX_FEATURE:1cxx_strong_enums
    Feature record: CXX_FEATURE:1cxx_template_template_parameters
    Feature record: CXX_FEATURE:1cxx_thread_local
    Feature record: CXX_FEATURE:1cxx_trailing_return_types
    Feature record: CXX_FEATURE:1cxx_unicode_literals
    Feature record: CXX_FEATURE:1cxx_uniform_initialization
    Feature record: CXX_FEATURE:1cxx_unrestricted_unions
    Feature record: CXX_FEATURE:1cxx_user_literals
    Feature record: CXX_FEATURE:1cxx_variable_templates
    Feature record: CXX_FEATURE:1cxx_variadic_macros
    Feature record: CXX_FEATURE:1cxx_variadic_templates


Detecting CXX [-std=c++11] compiler features compiled with the following output:
Change Dir: /home/gagliard/phamx494/pDMET/lib/build/CMakeFiles/CMakeTmp

Run Build Command:"/usr/bin/gmake" "cmTC_28d3d/fast"
/usr/bin/gmake -f CMakeFiles/cmTC_28d3d.dir/build.make CMakeFiles/cmTC_28d3d.dir/build
gmake[1]: Entering directory `/panfs/roc/groups/6/gagliard/phamx494/pDMET/lib/build/CMakeFiles/CMakeTmp'
Building CXX object CMakeFiles/cmTC_28d3d.dir/feature_tests.cxx.o
/home/gagliard/phamx494/anaconda/bin/c++    -std=c++11 -o CMakeFiles/cmTC_28d3d.dir/feature_tests.cxx.o -c /home/gagliard/phamx494/pDMET/lib/build/CMakeFiles/feature_tests.cxx
Linking CXX executable cmTC_28d3d
/home/gagliard/phamx494/anaconda/bin/cmake -E cmake_link_script CMakeFiles/cmTC_28d3d.dir/link.txt --verbose=1
/home/gagliard/phamx494/anaconda/bin/c++       -rdynamic CMakeFiles/cmTC_28d3d.dir/feature_tests.cxx.o  -o cmTC_28d3d 
gmake[1]: Leaving directory `/panfs/roc/groups/6/gagliard/phamx494/pDMET/lib/build/CMakeFiles/CMakeTmp'


    Feature record: CXX_FEATURE:0cxx_aggregate_default_initializers
    Feature record: CXX_FEATURE:1cxx_alias_templates
    Feature record: CXX_FEATURE:1cxx_alignas
    Feature record: CXX_FEATURE:1cxx_alignof
    Feature record: CXX_FEATURE:1cxx_attributes
    Feature record: CXX_FEATURE:0cxx_attribute_deprecated
    Feature record: CXX_FEATURE:1cxx_auto_type
    Feature record: CXX_FEATURE:0cxx_binary_literals
    Feature record: CXX_FEATURE:1cxx_constexpr
    Feature record: CXX_FEATURE:0cxx_contextual_conversions
    Feature record: CXX_FEATURE:1cxx_decltype
    Feature record: CXX_FEATURE:0cxx_decltype_auto
    Feature record: CXX_FEATURE:1cxx_decltype_incomplete_return_types
    Feature record: CXX_FEATURE:1cxx_default_function_template_args
    Feature record: CXX_FEATURE:1cxx_defaulted_functions
    Feature record: CXX_FEATURE:1cxx_defaulted_move_initializers
    Feature record: CXX_FEATURE:1cxx_delegating_constructors
    Feature record: CXX_FEATURE:1cxx_deleted_functions
    Feature record: CXX_FEATURE:0cxx_digit_separators
    Feature record: CXX_FEATURE:1cxx_enum_forward_declarations
    Feature record: CXX_FEATURE:1cxx_explicit_conversions
    Feature record: CXX_FEATURE:1cxx_extended_friend_declarations
    Feature record: CXX_FEATURE:1cxx_extern_templates
    Feature record: CXX_FEATURE:1cxx_final
    Feature record: CXX_FEATURE:1cxx_func_identifier
    Feature record: CXX_FEATURE:1cxx_generalized_initializers
    Feature record: CXX_FEATURE:0cxx_generic_lambdas
    Feature record: CXX_FEATURE:1cxx_inheriting_constructors
    Feature record: CXX_FEATURE:1cxx_inline_namespaces
    Feature record: CXX_FEATURE:1cxx_lambdas
    Feature record: CXX_FEATURE:0cxx_lambda_init_captures
    Feature record: CXX_FEATURE:1cxx_local_type_template_args
    Feature record: CXX_FEATURE:1cxx_long_long_type
    Feature record: CXX_FEATURE:1cxx_noexcept
    Feature record: CXX_FEATURE:1cxx_nonstatic_member_init
    Feature record: CXX_FEATURE:1cxx_nullptr
    Feature record: CXX_FEATURE:1cxx_override
    Feature record: CXX_FEATURE:1cxx_range_for
    Feature record: CXX_FEATURE:1cxx_raw_string_literals
    Feature record: CXX_FEATURE:1cxx_reference_qualified_functions
    Feature record: CXX_FEATURE:0cxx_relaxed_constexpr
    Feature record: CXX_FEATURE:0cxx_return_type_deduction
    Feature record: CXX_FEATURE:1cxx_right_angle_brackets
    Feature record: CXX_FEATURE:1cxx_rvalue_references
    Feature record: CXX_FEATURE:1cxx_sizeof_member
    Feature record: CXX_FEATURE:1cxx_static_assert
    Feature record: CXX_FEATURE:1cxx_strong_enums
    Feature record: CXX_FEATURE:1cxx_template_template_parameters
    Feature record: CXX_FEATURE:1cxx_thread_local
    Feature record: CXX_FEATURE:1cxx_trailing_return_types
    Feature record: CXX_FEATURE:1cxx_unicode_literals
    Feature record: CXX_FEATURE:1cxx_uniform_initialization
    Feature record: CXX_FEATURE:1cxx_unrestricted_unions
    Feature record: CXX_FEATURE:1cxx_user_literals
    Feature record: CXX_FEATURE:0cxx_variable_templates
    Feature record: CXX_FEATURE:1cxx_variadic_macros
    Feature record: CXX_FEATURE:1cxx_variadic_templates


Detecting CXX [-std=c++98] compiler features compiled with the following output:
Change Dir: /home/gagliard/phamx494/pDMET/lib/build/CMakeFiles/CMakeTmp

Run Build Command:"/usr/bin/gmake" "cmTC_950c4/fast"
/usr/bin/gmake -f CMakeFiles/cmTC_950c4.dir/build.make CMakeFiles/cmTC_950c4.dir/build
gmake[1]: Entering directory `/panfs/roc/groups/6/gagliard/phamx494/pDMET/lib/build/CMakeFiles/CMakeTmp'
Building CXX object CMakeFiles/cmTC_950c4.dir/feature_tests.cxx.o
/home/gagliard/phamx494/anaconda/bin/c++    -std=c++98 -o CMakeFiles/cmTC_950c4.dir/feature_tests.cxx.o -c /home/gagliard/phamx494/pDMET/lib/build/CMakeFiles/feature_tests.cxx
Linking CXX executable cmTC_950c4
/home/gagliard/phamx494/anaconda/bin/cmake -E cmake_link_script CMakeFiles/cmTC_950c4.dir/link.txt --verbose=1
/home/gagliard/phamx494/anaconda/bin/c++       -rdynamic CMakeFiles/cmTC_950c4.dir/feature_tests.cxx.o  -o cmTC_950c4 
gmake[1]: Leaving directory `/panfs/roc/groups/6/gagliard/phamx494/pDMET/lib/build/CMakeFiles/CMakeTmp'


    Feature record: CXX_FEATURE:0cxx_aggregate_default_initializers
    Feature record: CXX_FEATURE:0cxx_alias_templates
    Feature record: CXX_FEATURE:0cxx_alignas
    Feature record: CXX_FEATURE:0cxx_alignof
    Feature record: CXX_FEATURE:0cxx_attributes
    Feature record: CXX_FEATURE:0cxx_attribute_deprecated
    Feature record: CXX_FEATURE:0cxx_auto_type
    Feature record: CXX_FEATURE:0cxx_binary_literals
    Feature record: CXX_FEATURE:0cxx_constexpr
    Feature record: CXX_FEATURE:0cxx_contextual_conversions
    Feature record: CXX_FEATURE:0cxx_decltype
    Feature record: CXX_FEATURE:0cxx_decltype_auto
    Feature record: CXX_FEATURE:0cxx_decltype_incomplete_return_types
    Feature record: CXX_FEATURE:0cxx_default_function_template_args
    Feature record: CXX_FEATURE:0cxx_defaulted_functions
    Feature record: CXX_FEATURE:0cxx_defaulted_move_initializers
    Feature record: CXX_FEATURE:0cxx_delegating_constructors
    Feature record: CXX_FEATURE:0cxx_deleted_functions
    Feature record: CXX_FEATURE:0cxx_digit_separators
    Feature record: CXX_FEATURE:0cxx_enum_forward_declarations
    Feature record: CXX_FEATURE:0cxx_explicit_conversions
    Feature record: CXX_FEATURE:0cxx_extended_friend_declarations
    Feature record: CXX_FEATURE:0cxx_extern_templates
    Feature record: CXX_FEATURE:0cxx_final
    Feature record: CXX_FEATURE:0cxx_func_identifier
    Feature record: CXX_FEATURE:0cxx_generalized_initializers
    Feature record: CXX_FEATURE:0cxx_generic_lambdas
    Feature record: CXX_FEATURE:0cxx_inheriting_constructors
    Feature record: CXX_FEATURE:0cxx_inline_namespaces
    Feature record: CXX_FEATURE:0cxx_lambdas
    Feature record: CXX_FEATURE:0cxx_lambda_init_captures
    Feature record: CXX_FEATURE:0cxx_local_type_template_args
    Feature record: CXX_FEATURE:0cxx_long_long_type
    Feature record: CXX_FEATURE:0cxx_noexcept
    Feature record: CXX_FEATURE:0cxx_nonstatic_member_init
    Feature record: CXX_FEATURE:0cxx_nullptr
    Feature record: CXX_FEATURE:0cxx_override
    Feature record: CXX_FEATURE:0cxx_range_for
    Feature record: CXX_FEATURE:0cxx_raw_string_literals
    Feature record: CXX_FEATURE:0cxx_reference_qualified_functions
    Feature record: CXX_FEATURE:0cxx_relaxed_constexpr
    Feature record: CXX_FEATURE:0cxx_return_type_deduction
    Feature record: CXX_FEATURE:0cxx_right_angle_brackets
    Feature record: CXX_FEATURE:0cxx_rvalue_references
    Feature record: CXX_FEATURE:0cxx_sizeof_member
    Feature record: CXX_FEATURE:0cxx_static_assert
    Feature record: CXX_FEATURE:0cxx_strong_enums
    Feature record: CXX_FEATURE:1cxx_template_template_parameters
    Feature record: CXX_FEATURE:0cxx_thread_local
    Feature record: CXX_FEATURE:0cxx_trailing_return_types
    Feature record: CXX_FEATURE:0cxx_unicode_literals
    Feature record: CXX_FEATURE:0cxx_uniform_initialization
    Feature record: CXX_FEATURE:0cxx_unrestricted_unions
    Feature record: CXX_FEATURE:0cxx_user_literals
    Feature record: CXX_FEATURE:0cxx_variable_templates
    Feature record: CXX_FEATURE:0cxx_variadic_macros
    Feature record: CXX_FEATURE:0cxx_variadic_templates
Determining if the function sgemm_ exists passed with the following output:
Change Dir: /home/gagliard/phamx494/pDMET/lib/build/CMakeFiles/CMakeTmp

Run Build Command:"/usr/bin/gmake" "cmTC_c4cab/fast"
/usr/bin/gmake -f CMakeFiles/cmTC_c4cab.dir/build.make CMakeFiles/cmTC_c4cab.dir/build
gmake[1]: Entering directory `/panfs/roc/groups/6/gagliard/phamx494/pDMET/lib/build/CMakeFiles/CMakeTmp'
Building C object CMakeFiles/cmTC_c4cab.dir/CheckFunctionExists.c.o
/home/gagliard/phamx494/anaconda/bin/cc   -DCHECK_FUNCTION_EXISTS=sgemm_   -o CMakeFiles/cmTC_c4cab.dir/CheckFunctionExists.c.o   -c /home/gagliard/phamx494/anaconda/share/cmake-3.11/Modules/CheckFunctionExists.c
Linking C executable cmTC_c4cab
/home/gagliard/phamx494/anaconda/bin/cmake -E cmake_link_script CMakeFiles/cmTC_c4cab.dir/link.txt --verbose=1
/home/gagliard/phamx494/anaconda/bin/cc  -DCHECK_FUNCTION_EXISTS=sgemm_    -rdynamic CMakeFiles/cmTC_c4cab.dir/CheckFunctionExists.c.o  -o cmTC_c4cab /home/gagliard/phamx494/anaconda/lib/libopenblas.so 
gmake[1]: Leaving directory `/panfs/roc/groups/6/gagliard/phamx494/pDMET/lib/build/CMakeFiles/CMakeTmp'


Determining if the include file pthread.h exists passed with the following output:
Change Dir: /home/gagliard/phamx494/pDMET/lib/build/CMakeFiles/CMakeTmp

Run Build Command:"/usr/bin/gmake" "cmTC_739c8/fast"
/usr/bin/gmake -f CMakeFiles/cmTC_739c8.dir/build.make CMakeFiles/cmTC_739c8.dir/build
gmake[1]: Entering directory `/panfs/roc/groups/6/gagliard/phamx494/pDMET/lib/build/CMakeFiles/CMakeTmp'
Building C object CMakeFiles/cmTC_739c8.dir/CheckIncludeFile.c.o
/home/gagliard/phamx494/anaconda/bin/cc    -o CMakeFiles/cmTC_739c8.dir/CheckIncludeFile.c.o   -c /home/gagliard/phamx494/pDMET/lib/build/CMakeFiles/CMakeTmp/CheckIncludeFile.c
Linking C executable cmTC_739c8
/home/gagliard/phamx494/anaconda/bin/cmake -E cmake_link_script CMakeFiles/cmTC_739c8.dir/link.txt --verbose=1
/home/gagliard/phamx494/anaconda/bin/cc      -rdynamic CMakeFiles/cmTC_739c8.dir/CheckIncludeFile.c.o  -o cmTC_739c8 
gmake[1]: Leaving directory `/panfs/roc/groups/6/gagliard/phamx494/pDMET/lib/build/CMakeFiles/CMakeTmp'


Determining if the function pthread_create exists in the pthread passed with the following output:
Change Dir: /home/gagliard/phamx494/pDMET/lib/build/CMakeFiles/CMakeTmp

Run Build Command:"/usr/bin/gmake" "cmTC_7fdb5/fast"
/usr/bin/gmake -f CMakeFiles/cmTC_7fdb5.dir/build.make CMakeFiles/cmTC_7fdb5.dir/build
gmake[1]: Entering directory `/panfs/roc/groups/6/gagliard/phamx494/pDMET/lib/build/CMakeFiles/CMakeTmp'
Building C object CMakeFiles/cmTC_7fdb5.dir/CheckFunctionExists.c.o
/home/gagliard/phamx494/anaconda/bin/cc   -DCHECK_FUNCTION_EXISTS=pthread_create   -o CMakeFiles/cmTC_7fdb5.dir/CheckFunctionExists.c.o   -c /home/gagliard/phamx494/anaconda/share/cmake-3.11/Modules/CheckFunctionExists.c
Linking C executable cmTC_7fdb5
/home/gagliard/phamx494/anaconda/bin/cmake -E cmake_link_script CMakeFiles/cmTC_7fdb5.dir/link.txt --verbose=1
/home/gagliard/phamx494/anaconda/bin/cc  -DCHECK_FUNCTION_EXISTS=pthread_create    -rdynamic CMakeFiles/cmTC_7fdb5.dir/CheckFunctionExists.c.o  -o cmTC_7fdb5 -lpthread 
gmake[1]: Leaving directory `/panfs/roc/groups/6/gagliard/phamx494/pDMET/lib/build/CMakeFiles/CMakeTmp'


Determining if the function cheev_ exists passed with the following output:
Change Dir: /home/gagliard/phamx494/pDMET/lib/build/CMakeFiles/CMakeTmp

Run Build Command:"/usr/bin/gmake" "cmTC_17ce0/fast"
/usr/bin/gmake -f CMakeFiles/cmTC_17ce0.dir/build.make CMakeFiles/cmTC_17ce0.dir/build
gmake[1]: Entering directory `/panfs/roc/groups/6/gagliard/phamx494/pDMET/lib/build/CMakeFiles/CMakeTmp'
Building C object CMakeFiles/cmTC_17ce0.dir/CheckFunctionExists.c.o
/home/gagliard/phamx494/anaconda/bin/cc   -DCHECK_FUNCTION_EXISTS=cheev_   -o CMakeFiles/cmTC_17ce0.dir/CheckFunctionExists.c.o   -c /home/gagliard/phamx494/anaconda/share/cmake-3.11/Modules/CheckFunctionExists.c
Linking C executable cmTC_17ce0
/home/gagliard/phamx494/anaconda/bin/cmake -E cmake_link_script CMakeFiles/cmTC_17ce0.dir/link.txt --verbose=1
/home/gagliard/phamx494/anaconda/bin/cc  -DCHECK_FUNCTION_EXISTS=cheev_    -rdynamic CMakeFiles/cmTC_17ce0.dir/CheckFunctionExists.c.o  -o cmTC_17ce0 /home/gagliard/phamx494/anaconda/lib/libopenblas.so /home/gagliard/phamx494/anaconda/lib/libopenblas.so 
gmake[1]: Leaving directory `/panfs/roc/groups/6/gagliard/phamx494/pDMET/lib/build/CMakeFiles/CMakeTmp'


Performing C++ SOURCE FILE Test HAS_CPP14_FLAG succeeded with the following output:
Change Dir: /home/gagliard/phamx494/pDMET/lib/build/CMakeFiles/CMakeTmp

Run Build Command:"/usr/bin/gmake" "cmTC_53d90/fast"
/usr/bin/gmake -f CMakeFiles/cmTC_53d90.dir/build.make CMakeFiles/cmTC_53d90.dir/build
gmake[1]: Entering directory `/panfs/roc/groups/6/gagliard/phamx494/pDMET/lib/build/CMakeFiles/CMakeTmp'
Building CXX object CMakeFiles/cmTC_53d90.dir/src.cxx.o
/home/gagliard/phamx494/anaconda/bin/c++    -DHAS_CPP14_FLAG   -std=c++14 -o CMakeFiles/cmTC_53d90.dir/src.cxx.o -c /home/gagliard/phamx494/pDMET/lib/build/CMakeFiles/CMakeTmp/src.cxx
Linking CXX executable cmTC_53d90
/home/gagliard/phamx494/anaconda/bin/cmake -E cmake_link_script CMakeFiles/cmTC_53d90.dir/link.txt --verbose=1
/home/gagliard/phamx494/anaconda/bin/c++   -DHAS_CPP14_FLAG    -rdynamic CMakeFiles/cmTC_53d90.dir/src.cxx.o  -o cmTC_53d90 
gmake[1]: Leaving directory `/panfs/roc/groups/6/gagliard/phamx494/pDMET/lib/build/CMakeFiles/CMakeTmp'

Source file was:
int main() { return 0; }
